Determining if the pthread_create exist failed with the following output:
Change Dir: /home/scuak/rmv4/build/CMakeFiles/CMakeTmp

Run Build Command:/usr/bin/make "cmTryCompileExec2540790010/fast"
/usr/bin/make -f CMakeFiles/cmTryCompileExec2540790010.dir/build.make CMakeFiles/cmTryCompileExec2540790010.dir/build
make[1]: 正在进入目录 `/home/scuak/rmv4/build/CMakeFiles/CMakeTmp'
/usr/bin/cmake -E cmake_progress_report /home/scuak/rmv4/build/CMakeFiles/CMakeTmp/CMakeFiles 1
Building C object CMakeFiles/cmTryCompileExec2540790010.dir/CheckSymbolExists.c.o
/usr/bin/cc    -o CMakeFiles/cmTryCompileExec2540790010.dir/CheckSymbolExists.c.o   -c /home/scuak/rmv4/build/CMakeFiles/CMakeTmp/CheckSymbolExists.c
Linking C executable cmTryCompileExec2540790010
/usr/bin/cmake -E cmake_link_script CMakeFiles/cmTryCompileExec2540790010.dir/link.txt --verbose=1
/usr/bin/cc       CMakeFiles/cmTryCompileExec2540790010.dir/CheckSymbolExists.c.o  -o cmTryCompileExec2540790010 -rdynamic 
CMakeFiles/cmTryCompileExec2540790010.dir/CheckSymbolExists.c.o：在函数‘main’中：
CheckSymbolExists.c:(.text+0x16)：对‘pthread_create’未定义的引用
collect2: error: ld returned 1 exit status
make[1]: *** [cmTryCompileExec2540790010] 错误 1
make[1]:正在离开目录 `/home/scuak/rmv4/build/CMakeFiles/CMakeTmp'
make: *** [cmTryCompileExec2540790010/fast] 错误 2

File /home/scuak/rmv4/build/CMakeFiles/CMakeTmp/CheckSymbolExists.c:
/* */
#include <pthread.h>

int main(int argc, char** argv)
{
  (void)argv;
#ifndef pthread_create
  return ((int*)(&pthread_create))[argc];
#else
  (void)argc;
  return 0;
#endif
}

Determining if the function pthread_create exists in the pthreads failed with the following output:
Change Dir: /home/scuak/rmv4/build/CMakeFiles/CMakeTmp

Run Build Command:/usr/bin/make "cmTryCompileExec314463717/fast"
/usr/bin/make -f CMakeFiles/cmTryCompileExec314463717.dir/build.make CMakeFiles/cmTryCompileExec314463717.dir/build
make[1]: 正在进入目录 `/home/scuak/rmv4/build/CMakeFiles/CMakeTmp'
/usr/bin/cmake -E cmake_progress_report /home/scuak/rmv4/build/CMakeFiles/CMakeTmp/CMakeFiles 1
Building C object CMakeFiles/cmTryCompileExec314463717.dir/CheckFunctionExists.c.o
/usr/bin/cc   -DCHECK_FUNCTION_EXISTS=pthread_create   -o CMakeFiles/cmTryCompileExec314463717.dir/CheckFunctionExists.c.o   -c /usr/share/cmake-2.8/Modules/CheckFunctionExists.c
Linking C executable cmTryCompileExec314463717
/usr/bin/cmake -E cmake_link_script CMakeFiles/cmTryCompileExec314463717.dir/link.txt --verbose=1
/usr/bin/cc   -DCHECK_FUNCTION_EXISTS=pthread_create    CMakeFiles/cmTryCompileExec314463717.dir/CheckFunctionExists.c.o  -o cmTryCompileExec314463717 -rdynamic -lpthreads 
/usr/bin/ld: cannot find -lpthreads
collect2: error: ld returned 1 exit status
make[1]: *** [cmTryCompileExec314463717] 错误 1
make[1]:正在离开目录 `/home/scuak/rmv4/build/CMakeFiles/CMakeTmp'
make: *** [cmTryCompileExec314463717/fast] 错误 2


Determining if the CL_VERSION_2_0 exist failed with the following output:
Change Dir: /home/scuak/rmv4/build/CMakeFiles/CMakeTmp

Run Build Command:/usr/bin/make "cmTryCompileExec1478516872/fast"
/usr/bin/make -f CMakeFiles/cmTryCompileExec1478516872.dir/build.make CMakeFiles/cmTryCompileExec1478516872.dir/build
make[1]: 正在进入目录 `/home/scuak/rmv4/build/CMakeFiles/CMakeTmp'
/usr/bin/cmake -E cmake_progress_report /home/scuak/rmv4/build/CMakeFiles/CMakeTmp/CMakeFiles 1
Building C object CMakeFiles/cmTryCompileExec1478516872.dir/CheckSymbolExists.c.o
/usr/bin/cc    -o CMakeFiles/cmTryCompileExec1478516872.dir/CheckSymbolExists.c.o   -c /home/scuak/rmv4/build/CMakeFiles/CMakeTmp/CheckSymbolExists.c
/home/scuak/rmv4/build/CMakeFiles/CMakeTmp/CheckSymbolExists.c:2:47: fatal error: OpenCL_INCLUDE_DIR-NOTFOUND/CL/cl.h: 没有那个文件或目录
 #include <OpenCL_INCLUDE_DIR-NOTFOUND/CL/cl.h>
                                               ^
compilation terminated.
make[1]: *** [CMakeFiles/cmTryCompileExec1478516872.dir/CheckSymbolExists.c.o] 错误 1
make[1]:正在离开目录 `/home/scuak/rmv4/build/CMakeFiles/CMakeTmp'
make: *** [cmTryCompileExec1478516872/fast] 错误 2

File /home/scuak/rmv4/build/CMakeFiles/CMakeTmp/CheckSymbolExists.c:
/* */
#include <OpenCL_INCLUDE_DIR-NOTFOUND/CL/cl.h>

int main(int argc, char** argv)
{
  (void)argv;
#ifndef CL_VERSION_2_0
  return ((int*)(&CL_VERSION_2_0))[argc];
#else
  (void)argc;
  return 0;
#endif
}

Determining if the CL_VERSION_1_2 exist failed with the following output:
Change Dir: /home/scuak/rmv4/build/CMakeFiles/CMakeTmp

Run Build Command:/usr/bin/make "cmTryCompileExec1944590772/fast"
/usr/bin/make -f CMakeFiles/cmTryCompileExec1944590772.dir/build.make CMakeFiles/cmTryCompileExec1944590772.dir/build
make[1]: 正在进入目录 `/home/scuak/rmv4/build/CMakeFiles/CMakeTmp'
/usr/bin/cmake -E cmake_progress_report /home/scuak/rmv4/build/CMakeFiles/CMakeTmp/CMakeFiles 1
Building C object CMakeFiles/cmTryCompileExec1944590772.dir/CheckSymbolExists.c.o
/usr/bin/cc    -o CMakeFiles/cmTryCompileExec1944590772.dir/CheckSymbolExists.c.o   -c /home/scuak/rmv4/build/CMakeFiles/CMakeTmp/CheckSymbolExists.c
/home/scuak/rmv4/build/CMakeFiles/CMakeTmp/CheckSymbolExists.c:2:47: fatal error: OpenCL_INCLUDE_DIR-NOTFOUND/CL/cl.h: 没有那个文件或目录
 #include <OpenCL_INCLUDE_DIR-NOTFOUND/CL/cl.h>
                                               ^
compilation terminated.
make[1]: *** [CMakeFiles/cmTryCompileExec1944590772.dir/CheckSymbolExists.c.o] 错误 1
make[1]:正在离开目录 `/home/scuak/rmv4/build/CMakeFiles/CMakeTmp'
make: *** [cmTryCompileExec1944590772/fast] 错误 2

File /home/scuak/rmv4/build/CMakeFiles/CMakeTmp/CheckSymbolExists.c:
/* */
#include <OpenCL_INCLUDE_DIR-NOTFOUND/CL/cl.h>

int main(int argc, char** argv)
{
  (void)argv;
#ifndef CL_VERSION_1_2
  return ((int*)(&CL_VERSION_1_2))[argc];
#else
  (void)argc;
  return 0;
#endif
}

Determining if the CL_VERSION_1_1 exist failed with the following output:
Change Dir: /home/scuak/rmv4/build/CMakeFiles/CMakeTmp

Run Build Command:/usr/bin/make "cmTryCompileExec2713854691/fast"
/usr/bin/make -f CMakeFiles/cmTryCompileExec2713854691.dir/build.make CMakeFiles/cmTryCompileExec2713854691.dir/build
make[1]: 正在进入目录 `/home/scuak/rmv4/build/CMakeFiles/CMakeTmp'
/usr/bin/cmake -E cmake_progress_report /home/scuak/rmv4/build/CMakeFiles/CMakeTmp/CMakeFiles 1
Building C object CMakeFiles/cmTryCompileExec2713854691.dir/CheckSymbolExists.c.o
/usr/bin/cc    -o CMakeFiles/cmTryCompileExec2713854691.dir/CheckSymbolExists.c.o   -c /home/scuak/rmv4/build/CMakeFiles/CMakeTmp/CheckSymbolExists.c
/home/scuak/rmv4/build/CMakeFiles/CMakeTmp/CheckSymbolExists.c:2:47: fatal error: OpenCL_INCLUDE_DIR-NOTFOUND/CL/cl.h: 没有那个文件或目录
 #include <OpenCL_INCLUDE_DIR-NOTFOUND/CL/cl.h>
                                               ^
compilation terminated.
make[1]:正在离开目录 `/home/scuak/rmv4/build/CMakeFiles/CMakeTmp'
make[1]: *** [CMakeFiles/cmTryCompileExec2713854691.dir/CheckSymbolExists.c.o] 错误 1
make: *** [cmTryCompileExec2713854691/fast] 错误 2

File /home/scuak/rmv4/build/CMakeFiles/CMakeTmp/CheckSymbolExists.c:
/* */
#include <OpenCL_INCLUDE_DIR-NOTFOUND/CL/cl.h>

int main(int argc, char** argv)
{
  (void)argv;
#ifndef CL_VERSION_1_1
  return ((int*)(&CL_VERSION_1_1))[argc];
#else
  (void)argc;
  return 0;
#endif
}

Determining if the CL_VERSION_1_0 exist failed with the following output:
Change Dir: /home/scuak/rmv4/build/CMakeFiles/CMakeTmp

Run Build Command:/usr/bin/make "cmTryCompileExec2453925386/fast"
/usr/bin/make -f CMakeFiles/cmTryCompileExec2453925386.dir/build.make CMakeFiles/cmTryCompileExec2453925386.dir/build
make[1]: 正在进入目录 `/home/scuak/rmv4/build/CMakeFiles/CMakeTmp'
/usr/bin/cmake -E cmake_progress_report /home/scuak/rmv4/build/CMakeFiles/CMakeTmp/CMakeFiles 1
Building C object CMakeFiles/cmTryCompileExec2453925386.dir/CheckSymbolExists.c.o
/usr/bin/cc    -o CMakeFiles/cmTryCompileExec2453925386.dir/CheckSymbolExists.c.o   -c /home/scuak/rmv4/build/CMakeFiles/CMakeTmp/CheckSymbolExists.c
/home/scuak/rmv4/build/CMakeFiles/CMakeTmp/CheckSymbolExists.c:2:47: fatal error: OpenCL_INCLUDE_DIR-NOTFOUND/CL/cl.h: 没有那个文件或目录
 #include <OpenCL_INCLUDE_DIR-NOTFOUND/CL/cl.h>
                                               ^
compilation terminated.
make[1]: *** [CMakeFiles/cmTryCompileExec2453925386.dir/CheckSymbolExists.c.o] 错误 1
make[1]:正在离开目录 `/home/scuak/rmv4/build/CMakeFiles/CMakeTmp'
make: *** [cmTryCompileExec2453925386/fast] 错误 2

File /home/scuak/rmv4/build/CMakeFiles/CMakeTmp/CheckSymbolExists.c:
/* */
#include <OpenCL_INCLUDE_DIR-NOTFOUND/CL/cl.h>

int main(int argc, char** argv)
{
  (void)argv;
#ifndef CL_VERSION_1_0
  return ((int*)(&CL_VERSION_1_0))[argc];
#else
  (void)argc;
  return 0;
#endif
}

